<?xml version="1.0" encoding="UTF-8"?>
<!-- Generated by org.testng.reporters.JUnitReportReporter -->
<testsuite hostname="Shumis-Air.lan" failures="0" tests="1" name="codeChallengeing.Dropdron" time="7.317" errors="0" timestamp="2023-08-18T21:14:05 EDT" skipped="0">
  <testcase classname="codeChallengeing.Dropdron" name="dynamicId" time="7.317"/>
  <system-out/>
</testsuite> <!-- codeChallengeing.Dropdron -->
