<?xml version="1.0" encoding="UTF-8"?>
<!-- Generated by org.testng.reporters.JUnitReportReporter -->
<testsuite hostname="Shumis-Air.lan" failures="0" tests="1" name="ActionClassDemo.GetTitle" time="32.714" errors="0" timestamp="2023-08-28T19:28:52 EDT" skipped="0">
  <testcase classname="ActionClassDemo.GetTitle" name="m1" time="32.714"/>
  <system-out/>
</testsuite> <!-- ActionClassDemo.GetTitle -->
