<?xml version="1.0" encoding="UTF-8"?>
<!-- Generated by org.testng.reporters.JUnitReportReporter -->
<testsuite hostname="Shumis-Air.lan" failures="0" tests="4" name="ActionClassDemo.ActionClass" time="77.865" errors="0" timestamp="2023-08-20T21:59:48 EDT" skipped="0">
  <testcase classname="ActionClassDemo.ActionClass" name="m1" time="16.052"/>
  <system-out/>
  <testcase classname="ActionClassDemo.ActionClass" name="m4" time="32.038"/>
  <system-out/>
  <testcase classname="ActionClassDemo.ActionClass" name="m3" time="15.914"/>
  <system-out/>
  <testcase classname="ActionClassDemo.ActionClass" name="m2" time="13.861"/>
  <system-out/>
</testsuite> <!-- ActionClassDemo.ActionClass -->
